# JRE version: OpenJDK Runtime Environment (8.0_212-b04) (build 1.8.0_212-release-1586-b04)
# Java VM: OpenJDK 64-Bit Server VM (25.212-b04 mixed mode windows-amd64 compressed oops)
Heap:
 PSYoungGen      total 126464K, used 39299K [0x00000000e0000000, 0x00000000e8d00000, 0x0000000100000000)
  eden space 115712K, 24% used [0x00000000e0000000,0x00000000e1be1c48,0x00000000e7100000)
  from space 10752K, 99% used [0x00000000e7100000,0x00000000e7b7f310,0x00000000e7b80000)
  to   space 14336K, 0% used [0x00000000e7f00000,0x00000000e7f00000,0x00000000e8d00000)
 ParOldGen       total 88576K, used 23502K [0x00000000a0000000, 0x00000000a5680000, 0x00000000e0000000)
  object space 88576K, 26% used [0x00000000a0000000,0x00000000a16f3968,0x00000000a5680000)
 Metaspace       used 50284K, capacity 51902K, committed 52008K, reserved 1093632K
  class space    used 6725K, capacity 7167K, committed 7208K, reserved 1048576K
GC Heap History (10 events):
Event: 16.347 GC heap before
{Heap before GC invocations=11 (full 1):
 PSYoungGen      total 67584K, used 63779K [0x00000000e0000000, 0x00000000e6480000, 0x0000000100000000)
  eden space 56832K, 100% used [0x00000000e0000000,0x00000000e3780000,0x00000000e3780000)
  from space 10752K, 64% used [0x00000000e3780000,0x00000000e3e48f08,0x00000000e4200000)
  to   space 10752K, 0% used [0x00000000e5a00000,0x00000000e5a00000,0x00000000e6480000)
 ParOldGen       total 51712K, used 7957K [0x00000000a0000000, 0x00000000a3280000, 0x00000000e0000000)
  object space 51712K, 15% used [0x00000000a0000000,0x00000000a07c55e8,0x00000000a3280000)
 Metaspace       used 32653K, capacity 33412K, committed 33664K, reserved 1079296K
  class space    used 4429K, capacity 4652K, committed 4736K, reserved 1048576K
Event: 16.363 GC heap after
Heap after GC invocations=11 (full 1):
 PSYoungGen      total 92160K, used 6554K [0x00000000e0000000, 0x00000000e6400000, 0x0000000100000000)
  eden space 81920K, 0% used [0x00000000e0000000,0x00000000e0000000,0x00000000e5000000)
  from space 10240K, 64% used [0x00000000e5a00000,0x00000000e6066ab8,0x00000000e6400000)
  to   space 10240K, 0% used [0x00000000e5000000,0x00000000e5000000,0x00000000e5a00000)
 ParOldGen       total 51712K, used 10417K [0x00000000a0000000, 0x00000000a3280000, 0x00000000e0000000)
  object space 51712K, 20% used [0x00000000a0000000,0x00000000a0a2c618,0x00000000a3280000)
 Metaspace       used 32653K, capacity 33412K, committed 33664K, reserved 1079296K
  class space    used 4429K, capacity 4652K, committed 4736K, reserved 1048576K
}
Event: 17.287 GC heap before
{Heap before GC invocations=12 (full 1):
 PSYoungGen      total 92160K, used 56352K [0x00000000e0000000, 0x00000000e6400000, 0x0000000100000000)
  eden space 81920K, 60% used [0x00000000e0000000,0x00000000e30a1688,0x00000000e5000000)
  from space 10240K, 64% used [0x00000000e5a00000,0x00000000e6066ab8,0x00000000e6400000)
  to   space 10240K, 0% used [0x00000000e5000000,0x00000000e5000000,0x00000000e5a00000)
 ParOldGen       total 51712K, used 10417K [0x00000000a0000000, 0x00000000a3280000, 0x00000000e0000000)
  object space 51712K, 20% used [0x00000000a0000000,0x00000000a0a2c618,0x00000000a3280000)
 Metaspace       used 34654K, capacity 35424K, committed 35496K, reserved 1079296K
  class space    used 4774K, capacity 4997K, committed 5032K, reserved 1048576K
Event: 17.305 GC heap after
Heap after GC invocations=12 (full 1):
 PSYoungGen      total 92160K, used 4237K [0x00000000e0000000, 0x00000000e8700000, 0x0000000100000000)
  eden space 81920K, 0% used [0x00000000e0000000,0x00000000e0000000,0x00000000e5000000)
  from space 10240K, 41% used [0x00000000e5000000,0x00000000e54234b0,0x00000000e5a00000)
  to   space 10240K, 0% used [0x00000000e7d00000,0x00000000e7d00000,0x00000000e8700000)
 ParOldGen       total 51712K, used 14760K [0x00000000a0000000, 0x00000000a3280000, 0x00000000e0000000)
  object space 51712K, 28% used [0x00000000a0000000,0x00000000a0e6a0b8,0x00000000a3280000)
 Metaspace       used 34654K, capacity 35424K, committed 35496K, reserved 1079296K
  class space    used 4774K, capacity 4997K, committed 5032K, reserved 1048576K
}
Event: 17.305 GC heap before
{Heap before GC invocations=13 (full 2):
 PSYoungGen      total 92160K, used 4237K [0x00000000e0000000, 0x00000000e8700000, 0x0000000100000000)
  eden space 81920K, 0% used [0x00000000e0000000,0x00000000e0000000,0x00000000e5000000)
  from space 10240K, 41% used [0x00000000e5000000,0x00000000e54234b0,0x00000000e5a00000)
  to   space 10240K, 0% used [0x00000000e7d00000,0x00000000e7d00000,0x00000000e8700000)
 ParOldGen       total 51712K, used 14760K [0x00000000a0000000, 0x00000000a3280000, 0x00000000e0000000)
  object space 51712K, 28% used [0x00000000a0000000,0x00000000a0e6a0b8,0x00000000a3280000)
 Metaspace       used 34654K, capacity 35424K, committed 35496K, reserved 1079296K
  class space    used 4774K, capacity 4997K, committed 5032K, reserved 1048576K
Event: 17.581 GC heap after
Heap after GC invocations=13 (full 2):
 PSYoungGen      total 92160K, used 0K [0x00000000e0000000, 0x00000000e8700000, 0x0000000100000000)
  eden space 81920K, 0% used [0x00000000e0000000,0x00000000e0000000,0x00000000e5000000)
  from space 10240K, 0% used [0x00000000e5000000,0x00000000e5000000,0x00000000e5a00000)
  to   space 10240K, 0% used [0x00000000e7d00000,0x00000000e7d00000,0x00000000e8700000)
 ParOldGen       total 88576K, used 18251K [0x00000000a0000000, 0x00000000a5680000, 0x00000000e0000000)
  object space 88576K, 20% used [0x00000000a0000000,0x00000000a11d2d40,0x00000000a5680000)
 Metaspace       used 34654K, capacity 35424K, committed 35496K, reserved 1079296K
  class space    used 4774K, capacity 4997K, committed 5032K, reserved 1048576K
}
Event: 26.653 GC heap before
{Heap before GC invocations=14 (full 2):
 PSYoungGen      total 92160K, used 81920K [0x00000000e0000000, 0x00000000e8700000, 0x0000000100000000)
  eden space 81920K, 100% used [0x00000000e0000000,0x00000000e5000000,0x00000000e5000000)
  from space 10240K, 0% used [0x00000000e5000000,0x00000000e5000000,0x00000000e5a00000)
  to   space 10240K, 0% used [0x00000000e7d00000,0x00000000e7d00000,0x00000000e8700000)
 ParOldGen       total 88576K, used 18251K [0x00000000a0000000, 0x00000000a5680000, 0x00000000e0000000)
  object space 88576K, 20% used [0x00000000a0000000,0x00000000a11d2d40,0x00000000a5680000)
 Metaspace       used 41168K, capacity 42362K, committed 42536K, reserved 1085440K
  class space    used 5587K, capacity 5920K, committed 5928K, reserved 1048576K
Event: 26.733 GC heap after
Heap after GC invocations=14 (full 2):
 PSYoungGen      total 107520K, used 8816K [0x00000000e0000000, 0x00000000e8600000, 0x0000000100000000)
  eden space 98304K, 0% used [0x00000000e0000000,0x00000000e0000000,0x00000000e6000000)
  from space 9216K, 95% used [0x00000000e7d00000,0x00000000e859c008,0x00000000e8600000)
  to   space 10752K, 0% used [0x00000000e7100000,0x00000000e7100000,0x00000000e7b80000)
 ParOldGen       total 88576K, used 18259K [0x00000000a0000000, 0x00000000a5680000, 0x00000000e0000000)
  object space 88576K, 20% used [0x00000000a0000000,0x00000000a11d4d40,0x00000000a5680000)
 Metaspace       used 41168K, capacity 42362K, committed 42536K, reserved 1085440K
  class space    used 5587K, capacity 5920K, committed 5928K, reserved 1048576K
}
Event: 31.023 GC heap before
{Heap before GC invocations=15 (full 2):
 PSYoungGen      total 107520K, used 107120K [0x00000000e0000000, 0x00000000e8600000, 0x0000000100000000)
  eden space 98304K, 100% used [0x00000000e0000000,0x00000000e6000000,0x00000000e6000000)
  from space 9216K, 95% used [0x00000000e7d00000,0x00000000e859c008,0x00000000e8600000)
  to   space 10752K, 0% used [0x00000000e7100000,0x00000000e7100000,0x00000000e7b80000)
 ParOldGen       total 88576K, used 18259K [0x00000000a0000000, 0x00000000a5680000, 0x00000000e0000000)
  object space 88576K, 20% used [0x00000000a0000000,0x00000000a11d4d40,0x00000000a5680000)
 Metaspace       used 49579K, capacity 50972K, committed 51368K, reserved 1093632K
  class space    used 6604K, capacity 6988K, committed 7080K, reserved 1048576K
Event: 31.046 GC heap after
Heap after GC invocations=15 (full 2):
 PSYoungGen      total 126464K, used 10748K [0x00000000e0000000, 0x00000000e8d00000, 0x0000000100000000)
  eden space 115712K, 0% used [0x00000000e0000000,0x00000000e0000000,0x00000000e7100000)
  from space 10752K, 99% used [0x00000000e7100000,0x00000000e7b7f310,0x00000000e7b80000)
  to   space 14336K, 0% used [0x00000000e7f00000,0x00000000e7f00000,0x00000000e8d00000)
 ParOldGen       total 88576K, used 23502K [0x00000000a0000000, 0x00000000a5680000, 0x00000000e0000000)
  object space 88576K, 26% used [0x00000000a0000000,0x00000000a16f3968,0x00000000a5680000)
 Metaspace       used 49579K, capacity 50972K, committed 51368K, reserved 1093632K
  class space    used 6604K, capacity 6988K, committed 7080K, reserved 1048576K
}

