# JRE version: OpenJDK Runtime Environment (8.0_212-b04) (build 1.8.0_212-release-1586-b04)
# Java VM: OpenJDK 64-Bit Server VM (25.212-b04 mixed mode windows-amd64 compressed oops)
Heap:
 PSYoungGen      total 491520K, used 120352K [0x00000000e0000000, 0x0000000100000000, 0x0000000100000000)
  eden space 460800K, 21% used [0x00000000e0000000,0x00000000e6151cd8,0x00000000fc200000)
  from space 30720K, 67% used [0x00000000fe200000,0x00000000ff6364a8,0x0000000100000000)
  to   space 31744K, 0% used [0x00000000fc200000,0x00000000fc200000,0x00000000fe100000)
 ParOldGen       total 97280K, used 74675K [0x00000000a0000000, 0x00000000a5f00000, 0x00000000e0000000)
  object space 97280K, 76% used [0x00000000a0000000,0x00000000a48ecf38,0x00000000a5f00000)
 Metaspace       used 89991K, capacity 94248K, committed 94336K, reserved 1130496K
  class space    used 11740K, capacity 12633K, committed 12672K, reserved 1048576K
GC Heap History (10 events):
Event: 27.543 GC heap before
{Heap before GC invocations=15 (full 3):
 PSYoungGen      total 279040K, used 12225K [0x00000000e0000000, 0x00000000f2680000, 0x0000000100000000)
  eden space 265728K, 0% used [0x00000000e0000000,0x00000000e0000000,0x00000000f0380000)
  from space 13312K, 91% used [0x00000000f1980000,0x00000000f25705d8,0x00000000f2680000)
  to   space 17920K, 0% used [0x00000000f0380000,0x00000000f0380000,0x00000000f1500000)
 ParOldGen       total 64512K, used 34197K [0x00000000a0000000, 0x00000000a3f00000, 0x00000000e0000000)
  object space 64512K, 53% used [0x00000000a0000000,0x00000000a2165488,0x00000000a3f00000)
 Metaspace       used 57070K, capacity 59032K, committed 59136K, reserved 1099776K
  class space    used 7675K, capacity 8146K, committed 8192K, reserved 1048576K
Event: 27.971 GC heap after
Heap after GC invocations=15 (full 3):
 PSYoungGen      total 279040K, used 0K [0x00000000e0000000, 0x00000000f2680000, 0x0000000100000000)
  eden space 265728K, 0% used [0x00000000e0000000,0x00000000e0000000,0x00000000f0380000)
  from space 13312K, 0% used [0x00000000f1980000,0x00000000f1980000,0x00000000f2680000)
  to   space 17920K, 0% used [0x00000000f0380000,0x00000000f0380000,0x00000000f1500000)
 ParOldGen       total 97280K, used 36788K [0x00000000a0000000, 0x00000000a5f00000, 0x00000000e0000000)
  object space 97280K, 37% used [0x00000000a0000000,0x00000000a23ed068,0x00000000a5f00000)
 Metaspace       used 57041K, capacity 58938K, committed 59136K, reserved 1099776K
  class space    used 7668K, capacity 8137K, committed 8192K, reserved 1048576K
}
Event: 36.288 GC heap before
{Heap before GC invocations=16 (full 3):
 PSYoungGen      total 279040K, used 265728K [0x00000000e0000000, 0x00000000f2680000, 0x0000000100000000)
  eden space 265728K, 100% used [0x00000000e0000000,0x00000000f0380000,0x00000000f0380000)
  from space 13312K, 0% used [0x00000000f1980000,0x00000000f1980000,0x00000000f2680000)
  to   space 17920K, 0% used [0x00000000f0380000,0x00000000f0380000,0x00000000f1500000)
 ParOldGen       total 97280K, used 36788K [0x00000000a0000000, 0x00000000a5f00000, 0x00000000e0000000)
  object space 97280K, 37% used [0x00000000a0000000,0x00000000a23ed068,0x00000000a5f00000)
 Metaspace       used 69708K, capacity 72362K, committed 72576K, reserved 1112064K
  class space    used 9471K, capacity 10073K, committed 10112K, reserved 1048576K
Event: 36.348 GC heap after
Heap after GC invocations=16 (full 3):
 PSYoungGen      total 283648K, used 17891K [0x00000000e0000000, 0x00000000f9400000, 0x0000000100000000)
  eden space 265728K, 0% used [0x00000000e0000000,0x00000000e0000000,0x00000000f0380000)
  from space 17920K, 99% used [0x00000000f0380000,0x00000000f14f8ff8,0x00000000f1500000)
  to   space 22016K, 0% used [0x00000000f7e80000,0x00000000f7e80000,0x00000000f9400000)
 ParOldGen       total 97280K, used 41579K [0x00000000a0000000, 0x00000000a5f00000, 0x00000000e0000000)
  object space 97280K, 42% used [0x00000000a0000000,0x00000000a289ad20,0x00000000a5f00000)
 Metaspace       used 69708K, capacity 72362K, committed 72576K, reserved 1112064K
  class space    used 9471K, capacity 10073K, committed 10112K, reserved 1048576K
}
Event: 46.527 GC heap before
{Heap before GC invocations=17 (full 3):
 PSYoungGen      total 283648K, used 283619K [0x00000000e0000000, 0x00000000f9400000, 0x0000000100000000)
  eden space 265728K, 100% used [0x00000000e0000000,0x00000000f0380000,0x00000000f0380000)
  from space 17920K, 99% used [0x00000000f0380000,0x00000000f14f8ff8,0x00000000f1500000)
  to   space 22016K, 0% used [0x00000000f7e80000,0x00000000f7e80000,0x00000000f9400000)
 ParOldGen       total 97280K, used 41579K [0x00000000a0000000, 0x00000000a5f00000, 0x00000000e0000000)
  object space 97280K, 42% used [0x00000000a0000000,0x00000000a289ad20,0x00000000a5f00000)
 Metaspace       used 81032K, capacity 84696K, committed 84736K, reserved 1122304K
  class space    used 10739K, capacity 11519K, committed 11520K, reserved 1048576K
Event: 46.871 GC heap after
Heap after GC invocations=17 (full 3):
 PSYoungGen      total 382976K, used 22015K [0x00000000e0000000, 0x00000000fa400000, 0x0000000100000000)
  eden space 360960K, 0% used [0x00000000e0000000,0x00000000e0000000,0x00000000f6080000)
  from space 22016K, 99% used [0x00000000f7e80000,0x00000000f93ffc28,0x00000000f9400000)
  to   space 30720K, 0% used [0x00000000f6080000,0x00000000f6080000,0x00000000f7e80000)
 ParOldGen       total 97280K, used 56388K [0x00000000a0000000, 0x00000000a5f00000, 0x00000000e0000000)
  object space 97280K, 57% used [0x00000000a0000000,0x00000000a3711130,0x00000000a5f00000)
 Metaspace       used 81032K, capacity 84696K, committed 84736K, reserved 1122304K
  class space    used 10739K, capacity 11519K, committed 11520K, reserved 1048576K
}
Event: 175.327 GC heap before
{Heap before GC invocations=18 (full 3):
 PSYoungGen      total 382976K, used 382975K [0x00000000e0000000, 0x00000000fa400000, 0x0000000100000000)
  eden space 360960K, 100% used [0x00000000e0000000,0x00000000f6080000,0x00000000f6080000)
  from space 22016K, 99% used [0x00000000f7e80000,0x00000000f93ffc28,0x00000000f9400000)
  to   space 30720K, 0% used [0x00000000f6080000,0x00000000f6080000,0x00000000f7e80000)
 ParOldGen       total 97280K, used 56388K [0x00000000a0000000, 0x00000000a5f00000, 0x00000000e0000000)
  object space 97280K, 57% used [0x00000000a0000000,0x00000000a3711130,0x00000000a5f00000)
 Metaspace       used 85373K, capacity 89308K, committed 89344K, reserved 1126400K
  class space    used 11205K, capacity 12007K, committed 12032K, reserved 1048576K
Event: 175.469 GC heap after
Heap after GC invocations=18 (full 3):
 PSYoungGen      total 391680K, used 17609K [0x00000000e0000000, 0x0000000100000000, 0x0000000100000000)
  eden space 360960K, 0% used [0x00000000e0000000,0x00000000e0000000,0x00000000f6080000)
  from space 30720K, 57% used [0x00000000f6080000,0x00000000f71b2780,0x00000000f7e80000)
  to   space 30720K, 0% used [0x00000000fe200000,0x00000000fe200000,0x0000000100000000)
 ParOldGen       total 97280K, used 69476K [0x00000000a0000000, 0x00000000a5f00000, 0x00000000e0000000)
  object space 97280K, 71% used [0x00000000a0000000,0x00000000a43d9150,0x00000000a5f00000)
 Metaspace       used 85373K, capacity 89308K, committed 89344K, reserved 1126400K
  class space    used 11205K, capacity 12007K, committed 12032K, reserved 1048576K
}
Event: 306.763 GC heap before
{Heap before GC invocations=19 (full 3):
 PSYoungGen      total 391680K, used 378569K [0x00000000e0000000, 0x0000000100000000, 0x0000000100000000)
  eden space 360960K, 100% used [0x00000000e0000000,0x00000000f6080000,0x00000000f6080000)
  from space 30720K, 57% used [0x00000000f6080000,0x00000000f71b2780,0x00000000f7e80000)
  to   space 30720K, 0% used [0x00000000fe200000,0x00000000fe200000,0x0000000100000000)
 ParOldGen       total 97280K, used 69476K [0x00000000a0000000, 0x00000000a5f00000, 0x00000000e0000000)
  object space 97280K, 71% used [0x00000000a0000000,0x00000000a43d9150,0x00000000a5f00000)
 Metaspace       used 89529K, capacity 93712K, committed 94080K, reserved 1130496K
  class space    used 11689K, capacity 12559K, committed 12672K, reserved 1048576K
Event: 306.840 GC heap after
Heap after GC invocations=19 (full 3):
 PSYoungGen      total 491520K, used 20697K [0x00000000e0000000, 0x0000000100000000, 0x0000000100000000)
  eden space 460800K, 0% used [0x00000000e0000000,0x00000000e0000000,0x00000000fc200000)
  from space 30720K, 67% used [0x00000000fe200000,0x00000000ff6364a8,0x0000000100000000)
  to   space 31744K, 0% used [0x00000000fc200000,0x00000000fc200000,0x00000000fe100000)
 ParOldGen       total 97280K, used 74675K [0x00000000a0000000, 0x00000000a5f00000, 0x00000000e0000000)
  object space 97280K, 76% used [0x00000000a0000000,0x00000000a48ecf38,0x00000000a5f00000)
 Metaspace       used 89529K, capacity 93712K, committed 94080K, reserved 1130496K
  class space    used 11689K, capacity 12559K, committed 12672K, reserved 1048576K
}

