# JRE version: OpenJDK Runtime Environment (8.0_212-b04) (build 1.8.0_212-release-1586-b04)
# Java VM: OpenJDK 64-Bit Server VM (25.212-b04 mixed mode windows-amd64 compressed oops)
Heap:
 PSYoungGen      total 51712K, used 16879K [0x00000000d6000000, 0x00000000daa00000, 0x0000000100000000)
  eden space 46592K, 25% used [0x00000000d6000000,0x00000000d6b7c3d8,0x00000000d8d80000)
  from space 5120K, 99% used [0x00000000da000000,0x00000000da4ffb18,0x00000000da500000)
  to   space 5120K, 0% used [0x00000000da500000,0x00000000da500000,0x00000000daa00000)
 ParOldGen       total 66560K, used 22439K [0x0000000082000000, 0x0000000086100000, 0x00000000d6000000)
  object space 66560K, 33% used [0x0000000082000000,0x00000000835e9f40,0x0000000086100000)
 Metaspace       used 34459K, capacity 34975K, committed 35328K, reserved 1079296K
  class space    used 4393K, capacity 4545K, committed 4608K, reserved 1048576K
GC Heap History (10 events):
Event: 1.829 GC heap before
{Heap before GC invocations=2 (full 0):
 PSYoungGen      total 37888K, used 37873K [0x00000000d6000000, 0x00000000d8a00000, 0x0000000100000000)
  eden space 32768K, 100% used [0x00000000d6000000,0x00000000d8000000,0x00000000d8000000)
  from space 5120K, 99% used [0x00000000d8000000,0x00000000d84fc578,0x00000000d8500000)
  to   space 5120K, 0% used [0x00000000d8500000,0x00000000d8500000,0x00000000d8a00000)
 ParOldGen       total 86016K, used 2617K [0x0000000082000000, 0x0000000087400000, 0x00000000d6000000)
  object space 86016K, 3% used [0x0000000082000000,0x000000008228e5b8,0x0000000087400000)
 Metaspace       used 15820K, capacity 16152K, committed 16384K, reserved 1062912K
  class space    used 1852K, capacity 1944K, committed 2048K, reserved 1048576K
Event: 1.845 GC heap after
Heap after GC invocations=2 (full 0):
 PSYoungGen      total 37888K, used 5106K [0x00000000d6000000, 0x00000000daa00000, 0x0000000100000000)
  eden space 32768K, 0% used [0x00000000d6000000,0x00000000d6000000,0x00000000d8000000)
  from space 5120K, 99% used [0x00000000d8500000,0x00000000d89fc8b8,0x00000000d8a00000)
  to   space 5120K, 0% used [0x00000000d8000000,0x00000000d8000000,0x00000000d8500000)
 ParOldGen       total 86016K, used 7447K [0x0000000082000000, 0x0000000087400000, 0x00000000d6000000)
  object space 86016K, 8% used [0x0000000082000000,0x0000000082745ce0,0x0000000087400000)
 Metaspace       used 15820K, capacity 16152K, committed 16384K, reserved 1062912K
  class space    used 1852K, capacity 1944K, committed 2048K, reserved 1048576K
}
Event: 2.279 GC heap before
{Heap before GC invocations=3 (full 0):
 PSYoungGen      total 37888K, used 22958K [0x00000000d6000000, 0x00000000daa00000, 0x0000000100000000)
  eden space 32768K, 54% used [0x00000000d6000000,0x00000000d716f278,0x00000000d8000000)
  from space 5120K, 99% used [0x00000000d8500000,0x00000000d89fc8b8,0x00000000d8a00000)
  to   space 5120K, 0% used [0x00000000d8000000,0x00000000d8000000,0x00000000d8500000)
 ParOldGen       total 86016K, used 7447K [0x0000000082000000, 0x0000000087400000, 0x00000000d6000000)
  object space 86016K, 8% used [0x0000000082000000,0x0000000082745ce0,0x0000000087400000)
 Metaspace       used 20736K, capacity 21118K, committed 21296K, reserved 1069056K
  class space    used 2464K, capacity 2621K, committed 2688K, reserved 1048576K
Event: 2.292 GC heap after
Heap after GC invocations=3 (full 0):
 PSYoungGen      total 37888K, used 5102K [0x00000000d6000000, 0x00000000daa00000, 0x0000000100000000)
  eden space 32768K, 0% used [0x00000000d6000000,0x00000000d6000000,0x00000000d8000000)
  from space 5120K, 99% used [0x00000000d8000000,0x00000000d84fb8c0,0x00000000d8500000)
  to   space 5120K, 0% used [0x00000000da500000,0x00000000da500000,0x00000000daa00000)
 ParOldGen       total 86016K, used 11457K [0x0000000082000000, 0x0000000087400000, 0x00000000d6000000)
  object space 86016K, 13% used [0x0000000082000000,0x0000000082b30410,0x0000000087400000)
 Metaspace       used 20736K, capacity 21118K, committed 21296K, reserved 1069056K
  class space    used 2464K, capacity 2621K, committed 2688K, reserved 1048576K
}
Event: 2.292 GC heap before
{Heap before GC invocations=4 (full 1):
 PSYoungGen      total 37888K, used 5102K [0x00000000d6000000, 0x00000000daa00000, 0x0000000100000000)
  eden space 32768K, 0% used [0x00000000d6000000,0x00000000d6000000,0x00000000d8000000)
  from space 5120K, 99% used [0x00000000d8000000,0x00000000d84fb8c0,0x00000000d8500000)
  to   space 5120K, 0% used [0x00000000da500000,0x00000000da500000,0x00000000daa00000)
 ParOldGen       total 86016K, used 11457K [0x0000000082000000, 0x0000000087400000, 0x00000000d6000000)
  object space 86016K, 13% used [0x0000000082000000,0x0000000082b30410,0x0000000087400000)
 Metaspace       used 20736K, capacity 21118K, committed 21296K, reserved 1069056K
  class space    used 2464K, capacity 2621K, committed 2688K, reserved 1048576K
Event: 2.355 GC heap after
Heap after GC invocations=4 (full 1):
 PSYoungGen      total 37888K, used 0K [0x00000000d6000000, 0x00000000daa00000, 0x0000000100000000)
  eden space 32768K, 0% used [0x00000000d6000000,0x00000000d6000000,0x00000000d8000000)
  from space 5120K, 0% used [0x00000000d8000000,0x00000000d8000000,0x00000000d8500000)
  to   space 5120K, 0% used [0x00000000da500000,0x00000000da500000,0x00000000daa00000)
 ParOldGen       total 66560K, used 8949K [0x0000000082000000, 0x0000000086100000, 0x00000000d6000000)
  object space 66560K, 13% used [0x0000000082000000,0x00000000828bd468,0x0000000086100000)
 Metaspace       used 20736K, capacity 21118K, committed 21296K, reserved 1069056K
  class space    used 2464K, capacity 2621K, committed 2688K, reserved 1048576K
}
Event: 3.126 GC heap before
{Heap before GC invocations=5 (full 1):
 PSYoungGen      total 37888K, used 32768K [0x00000000d6000000, 0x00000000daa00000, 0x0000000100000000)
  eden space 32768K, 100% used [0x00000000d6000000,0x00000000d8000000,0x00000000d8000000)
  from space 5120K, 0% used [0x00000000d8000000,0x00000000d8000000,0x00000000d8500000)
  to   space 5120K, 0% used [0x00000000da500000,0x00000000da500000,0x00000000daa00000)
 ParOldGen       total 66560K, used 8949K [0x0000000082000000, 0x0000000086100000, 0x00000000d6000000)
  object space 66560K, 13% used [0x0000000082000000,0x00000000828bd468,0x0000000086100000)
 Metaspace       used 23677K, capacity 24144K, committed 24320K, reserved 1071104K
  class space    used 2851K, capacity 2986K, committed 3072K, reserved 1048576K
Event: 3.142 GC heap after
Heap after GC invocations=5 (full 1):
 PSYoungGen      total 51712K, used 5105K [0x00000000d6000000, 0x00000000daa00000, 0x0000000100000000)
  eden space 46592K, 0% used [0x00000000d6000000,0x00000000d6000000,0x00000000d8d80000)
  from space 5120K, 99% used [0x00000000da500000,0x00000000da9fc768,0x00000000daa00000)
  to   space 5120K, 0% used [0x00000000da000000,0x00000000da000000,0x00000000da500000)
 ParOldGen       total 66560K, used 10888K [0x0000000082000000, 0x0000000086100000, 0x00000000d6000000)
  object space 66560K, 16% used [0x0000000082000000,0x0000000082aa21d8,0x0000000086100000)
 Metaspace       used 23677K, capacity 24144K, committed 24320K, reserved 1071104K
  class space    used 2851K, capacity 2986K, committed 3072K, reserved 1048576K
}
Event: 4.266 GC heap before
{Heap before GC invocations=6 (full 1):
 PSYoungGen      total 51712K, used 51697K [0x00000000d6000000, 0x00000000daa00000, 0x0000000100000000)
  eden space 46592K, 100% used [0x00000000d6000000,0x00000000d8d80000,0x00000000d8d80000)
  from space 5120K, 99% used [0x00000000da500000,0x00000000da9fc768,0x00000000daa00000)
  to   space 5120K, 0% used [0x00000000da000000,0x00000000da000000,0x00000000da500000)
 ParOldGen       total 66560K, used 10888K [0x0000000082000000, 0x0000000086100000, 0x00000000d6000000)
  object space 66560K, 16% used [0x0000000082000000,0x0000000082aa21d8,0x0000000086100000)
 Metaspace       used 31811K, capacity 32341K, committed 32640K, reserved 1077248K
  class space    used 4044K, capacity 4210K, committed 4224K, reserved 1048576K
Event: 4.285 GC heap after
Heap after GC invocations=6 (full 1):
 PSYoungGen      total 51712K, used 5118K [0x00000000d6000000, 0x00000000daa00000, 0x0000000100000000)
  eden space 46592K, 0% used [0x00000000d6000000,0x00000000d6000000,0x00000000d8d80000)
  from space 5120K, 99% used [0x00000000da000000,0x00000000da4ffb18,0x00000000da500000)
  to   space 5120K, 0% used [0x00000000da500000,0x00000000da500000,0x00000000daa00000)
 ParOldGen       total 66560K, used 22439K [0x0000000082000000, 0x0000000086100000, 0x00000000d6000000)
  object space 66560K, 33% used [0x0000000082000000,0x00000000835e9f40,0x0000000086100000)
 Metaspace       used 31811K, capacity 32341K, committed 32640K, reserved 1077248K
  class space    used 4044K, capacity 4210K, committed 4224K, reserved 1048576K
}

