# JRE version: OpenJDK Runtime Environment (8.0_212-b04) (build 1.8.0_212-release-1586-b04)
# Java VM: OpenJDK 64-Bit Server VM (25.212-b04 mixed mode windows-amd64 compressed oops)
Heap:
 PSYoungGen      total 81920K, used 32749K [0x00000000d6000000, 0x00000000dc400000, 0x0000000100000000)
  eden space 65536K, 49% used [0x00000000d6000000,0x00000000d7ffb770,0x00000000da000000)
  from space 16384K, 0% used [0x00000000db400000,0x00000000db400000,0x00000000dc400000)
  to   space 5120K, 0% used [0x00000000da000000,0x00000000da000000,0x00000000da500000)
 ParOldGen       total 66048K, used 25641K [0x0000000082000000, 0x0000000086080000, 0x00000000d6000000)
  object space 66048K, 38% used [0x0000000082000000,0x000000008390a4a8,0x0000000086080000)
 Metaspace       used 37275K, capacity 37843K, committed 38144K, reserved 1083392K
  class space    used 4701K, capacity 4859K, committed 4864K, reserved 1048576K
GC Heap History (10 events):
Event: 2.569 GC heap before
{Heap before GC invocations=4 (full 1):
 PSYoungGen      total 37888K, used 5089K [0x00000000d6000000, 0x00000000daa00000, 0x0000000100000000)
  eden space 32768K, 0% used [0x00000000d6000000,0x00000000d6000000,0x00000000d8000000)
  from space 5120K, 99% used [0x00000000d8000000,0x00000000d84f8640,0x00000000d8500000)
  to   space 5120K, 0% used [0x00000000da500000,0x00000000da500000,0x00000000daa00000)
 ParOldGen       total 86016K, used 11547K [0x0000000082000000, 0x0000000087400000, 0x00000000d6000000)
  object space 86016K, 13% used [0x0000000082000000,0x0000000082b46d18,0x0000000087400000)
 Metaspace       used 20752K, capacity 21130K, committed 21296K, reserved 1069056K
  class space    used 2466K, capacity 2621K, committed 2688K, reserved 1048576K
Event: 2.627 GC heap after
Heap after GC invocations=4 (full 1):
 PSYoungGen      total 37888K, used 0K [0x00000000d6000000, 0x00000000daa00000, 0x0000000100000000)
  eden space 32768K, 0% used [0x00000000d6000000,0x00000000d6000000,0x00000000d8000000)
  from space 5120K, 0% used [0x00000000d8000000,0x00000000d8000000,0x00000000d8500000)
  to   space 5120K, 0% used [0x00000000da500000,0x00000000da500000,0x00000000daa00000)
 ParOldGen       total 66048K, used 8963K [0x0000000082000000, 0x0000000086080000, 0x00000000d6000000)
  object space 66048K, 13% used [0x0000000082000000,0x00000000828c0f60,0x0000000086080000)
 Metaspace       used 20752K, capacity 21130K, committed 21296K, reserved 1069056K
  class space    used 2466K, capacity 2621K, committed 2688K, reserved 1048576K
}
Event: 3.512 GC heap before
{Heap before GC invocations=5 (full 1):
 PSYoungGen      total 37888K, used 32768K [0x00000000d6000000, 0x00000000daa00000, 0x0000000100000000)
  eden space 32768K, 100% used [0x00000000d6000000,0x00000000d8000000,0x00000000d8000000)
  from space 5120K, 0% used [0x00000000d8000000,0x00000000d8000000,0x00000000d8500000)
  to   space 5120K, 0% used [0x00000000da500000,0x00000000da500000,0x00000000daa00000)
 ParOldGen       total 66048K, used 8963K [0x0000000082000000, 0x0000000086080000, 0x00000000d6000000)
  object space 66048K, 13% used [0x0000000082000000,0x00000000828c0f60,0x0000000086080000)
 Metaspace       used 23674K, capacity 24100K, committed 24320K, reserved 1071104K
  class space    used 2852K, capacity 2986K, committed 3072K, reserved 1048576K
Event: 3.536 GC heap after
Heap after GC invocations=5 (full 1):
 PSYoungGen      total 53248K, used 5111K [0x00000000d6000000, 0x00000000daa00000, 0x0000000100000000)
  eden space 48128K, 0% used [0x00000000d6000000,0x00000000d6000000,0x00000000d8f00000)
  from space 5120K, 99% used [0x00000000da500000,0x00000000da9fdee0,0x00000000daa00000)
  to   space 5120K, 0% used [0x00000000da000000,0x00000000da000000,0x00000000da500000)
 ParOldGen       total 66048K, used 10920K [0x0000000082000000, 0x0000000086080000, 0x00000000d6000000)
  object space 66048K, 16% used [0x0000000082000000,0x0000000082aaa140,0x0000000086080000)
 Metaspace       used 23674K, capacity 24100K, committed 24320K, reserved 1071104K
  class space    used 2852K, capacity 2986K, committed 3072K, reserved 1048576K
}
Event: 4.808 GC heap before
{Heap before GC invocations=6 (full 1):
 PSYoungGen      total 53248K, used 53239K [0x00000000d6000000, 0x00000000daa00000, 0x0000000100000000)
  eden space 48128K, 100% used [0x00000000d6000000,0x00000000d8f00000,0x00000000d8f00000)
  from space 5120K, 99% used [0x00000000da500000,0x00000000da9fdee0,0x00000000daa00000)
  to   space 5120K, 0% used [0x00000000da000000,0x00000000da000000,0x00000000da500000)
 ParOldGen       total 66048K, used 10920K [0x0000000082000000, 0x0000000086080000, 0x00000000d6000000)
  object space 66048K, 16% used [0x0000000082000000,0x0000000082aaa140,0x0000000086080000)
 Metaspace       used 32040K, capacity 32489K, committed 32640K, reserved 1077248K
  class space    used 4069K, capacity 4210K, committed 4224K, reserved 1048576K
Event: 4.827 GC heap after
Heap after GC invocations=6 (full 1):
 PSYoungGen      total 70656K, used 5111K [0x00000000d6000000, 0x00000000dc400000, 0x0000000100000000)
  eden space 65536K, 0% used [0x00000000d6000000,0x00000000d6000000,0x00000000da000000)
  from space 5120K, 99% used [0x00000000da000000,0x00000000da4fdda0,0x00000000da500000)
  to   space 16384K, 0% used [0x00000000db400000,0x00000000db400000,0x00000000dc400000)
 ParOldGen       total 66048K, used 23050K [0x0000000082000000, 0x0000000086080000, 0x00000000d6000000)
  object space 66048K, 34% used [0x0000000082000000,0x0000000083682be8,0x0000000086080000)
 Metaspace       used 32040K, capacity 32489K, committed 32640K, reserved 1077248K
  class space    used 4069K, capacity 4210K, committed 4224K, reserved 1048576K
}
Event: 5.391 GC heap before
{Heap before GC invocations=7 (full 1):
 PSYoungGen      total 70656K, used 17467K [0x00000000d6000000, 0x00000000dc400000, 0x0000000100000000)
  eden space 65536K, 18% used [0x00000000d6000000,0x00000000d6c11070,0x00000000da000000)
  from space 5120K, 99% used [0x00000000da000000,0x00000000da4fdda0,0x00000000da500000)
  to   space 16384K, 0% used [0x00000000db400000,0x00000000db400000,0x00000000dc400000)
 ParOldGen       total 66048K, used 23050K [0x0000000082000000, 0x0000000086080000, 0x00000000d6000000)
  object space 66048K, 34% used [0x0000000082000000,0x0000000083682be8,0x0000000086080000)
 Metaspace       used 34821K, capacity 35359K, committed 35496K, reserved 1081344K
  class space    used 4426K, capacity 4591K, committed 4608K, reserved 1048576K
Event: 5.404 GC heap after
Heap after GC invocations=7 (full 1):
 PSYoungGen      total 81920K, used 8413K [0x00000000d6000000, 0x00000000dc400000, 0x0000000100000000)
  eden space 65536K, 0% used [0x00000000d6000000,0x00000000d6000000,0x00000000da000000)
  from space 16384K, 51% used [0x00000000db400000,0x00000000dbc377e8,0x00000000dc400000)
  to   space 5120K, 0% used [0x00000000da000000,0x00000000da000000,0x00000000da500000)
 ParOldGen       total 66048K, used 23058K [0x0000000082000000, 0x0000000086080000, 0x00000000d6000000)
  object space 66048K, 34% used [0x0000000082000000,0x0000000083684be8,0x0000000086080000)
 Metaspace       used 34821K, capacity 35359K, committed 35496K, reserved 1081344K
  class space    used 4426K, capacity 4591K, committed 4608K, reserved 1048576K
}
Event: 5.404 GC heap before
{Heap before GC invocations=8 (full 2):
 PSYoungGen      total 81920K, used 8413K [0x00000000d6000000, 0x00000000dc400000, 0x0000000100000000)
  eden space 65536K, 0% used [0x00000000d6000000,0x00000000d6000000,0x00000000da000000)
  from space 16384K, 51% used [0x00000000db400000,0x00000000dbc377e8,0x00000000dc400000)
  to   space 5120K, 0% used [0x00000000da000000,0x00000000da000000,0x00000000da500000)
 ParOldGen       total 66048K, used 23058K [0x0000000082000000, 0x0000000086080000, 0x00000000d6000000)
  object space 66048K, 34% used [0x0000000082000000,0x0000000083684be8,0x0000000086080000)
 Metaspace       used 34821K, capacity 35359K, committed 35496K, reserved 1081344K
  class space    used 4426K, capacity 4591K, committed 4608K, reserved 1048576K
Event: 5.536 GC heap after
Heap after GC invocations=8 (full 2):
 PSYoungGen      total 81920K, used 0K [0x00000000d6000000, 0x00000000dc400000, 0x0000000100000000)
  eden space 65536K, 0% used [0x00000000d6000000,0x00000000d6000000,0x00000000da000000)
  from space 16384K, 0% used [0x00000000db400000,0x00000000db400000,0x00000000dc400000)
  to   space 5120K, 0% used [0x00000000da000000,0x00000000da000000,0x00000000da500000)
 ParOldGen       total 66048K, used 25641K [0x0000000082000000, 0x0000000086080000, 0x00000000d6000000)
  object space 66048K, 38% used [0x0000000082000000,0x000000008390a4a8,0x0000000086080000)
 Metaspace       used 34821K, capacity 35359K, committed 35496K, reserved 1081344K
  class space    used 4426K, capacity 4591K, committed 4608K, reserved 1048576K
}

