# JRE version: OpenJDK Runtime Environment (8.0_212-b04) (build 1.8.0_212-release-1586-b04)
# Java VM: OpenJDK 64-Bit Server VM (25.212-b04 mixed mode windows-amd64 compressed oops)
Heap:
 PSYoungGen      total 123904K, used 57501K [0x00000000d6000000, 0x00000000e1980000, 0x0000000100000000)
  eden space 114176K, 41% used [0x00000000d6000000,0x00000000d8eab020,0x00000000dcf80000)
  from space 9728K, 99% used [0x00000000de500000,0x00000000dee7c670,0x00000000dee80000)
  to   space 22016K, 0% used [0x00000000dcf80000,0x00000000dcf80000,0x00000000de500000)
 ParOldGen       total 127488K, used 34296K [0x0000000082000000, 0x0000000089c80000, 0x00000000d6000000)
  object space 127488K, 26% used [0x0000000082000000,0x000000008417e060,0x0000000089c80000)
 Metaspace       used 46656K, capacity 47527K, committed 47744K, reserved 1091584K
  class space    used 5773K, capacity 5985K, committed 6016K, reserved 1048576K
GC Heap History (10 events):
Event: 3.028 GC heap before
{Heap before GC invocations=4 (full 1):
 PSYoungGen      total 70656K, used 5102K [0x00000000d6000000, 0x00000000dea00000, 0x0000000100000000)
  eden space 65536K, 0% used [0x00000000d6000000,0x00000000d6000000,0x00000000da000000)
  from space 5120K, 99% used [0x00000000da000000,0x00000000da4fba68,0x00000000da500000)
  to   space 5120K, 0% used [0x00000000de500000,0x00000000de500000,0x00000000dea00000)
 ParOldGen       total 86016K, used 11504K [0x0000000082000000, 0x0000000087400000, 0x00000000d6000000)
  object space 86016K, 13% used [0x0000000082000000,0x0000000082b3c188,0x0000000087400000)
 Metaspace       used 20736K, capacity 21130K, committed 21296K, reserved 1069056K
  class space    used 2467K, capacity 2621K, committed 2688K, reserved 1048576K
Event: 3.132 GC heap after
Heap after GC invocations=4 (full 1):
 PSYoungGen      total 70656K, used 0K [0x00000000d6000000, 0x00000000dea00000, 0x0000000100000000)
  eden space 65536K, 0% used [0x00000000d6000000,0x00000000d6000000,0x00000000da000000)
  from space 5120K, 0% used [0x00000000da000000,0x00000000da000000,0x00000000da500000)
  to   space 5120K, 0% used [0x00000000de500000,0x00000000de500000,0x00000000dea00000)
 ParOldGen       total 70656K, used 8963K [0x0000000082000000, 0x0000000086500000, 0x00000000d6000000)
  object space 70656K, 12% used [0x0000000082000000,0x00000000828c0dd8,0x0000000086500000)
 Metaspace       used 20736K, capacity 21130K, committed 21296K, reserved 1069056K
  class space    used 2467K, capacity 2621K, committed 2688K, reserved 1048576K
}
Event: 5.123 GC heap before
{Heap before GC invocations=5 (full 1):
 PSYoungGen      total 70656K, used 65536K [0x00000000d6000000, 0x00000000dea00000, 0x0000000100000000)
  eden space 65536K, 100% used [0x00000000d6000000,0x00000000da000000,0x00000000da000000)
  from space 5120K, 0% used [0x00000000da000000,0x00000000da000000,0x00000000da500000)
  to   space 5120K, 0% used [0x00000000de500000,0x00000000de500000,0x00000000dea00000)
 ParOldGen       total 70656K, used 8963K [0x0000000082000000, 0x0000000086500000, 0x00000000d6000000)
  object space 70656K, 12% used [0x0000000082000000,0x00000000828c0dd8,0x0000000086500000)
 Metaspace       used 29224K, capacity 29738K, committed 30208K, reserved 1075200K
  class space    used 3558K, capacity 3728K, committed 3840K, reserved 1048576K
Event: 5.170 GC heap after
Heap after GC invocations=5 (full 1):
 PSYoungGen      total 91648K, used 5118K [0x00000000d6000000, 0x00000000dea00000, 0x0000000100000000)
  eden space 86528K, 0% used [0x00000000d6000000,0x00000000d6000000,0x00000000db480000)
  from space 5120K, 99% used [0x00000000de500000,0x00000000de9ffb18,0x00000000dea00000)
  to   space 5120K, 0% used [0x00000000de000000,0x00000000de000000,0x00000000de500000)
 ParOldGen       total 70656K, used 19742K [0x0000000082000000, 0x0000000086500000, 0x00000000d6000000)
  object space 70656K, 27% used [0x0000000082000000,0x0000000083347840,0x0000000086500000)
 Metaspace       used 29224K, capacity 29738K, committed 30208K, reserved 1075200K
  class space    used 3558K, capacity 3728K, committed 3840K, reserved 1048576K
}
Event: 6.411 GC heap before
{Heap before GC invocations=6 (full 1):
 PSYoungGen      total 91648K, used 33767K [0x00000000d6000000, 0x00000000dea00000, 0x0000000100000000)
  eden space 86528K, 33% used [0x00000000d6000000,0x00000000d7bfa470,0x00000000db480000)
  from space 5120K, 99% used [0x00000000de500000,0x00000000de9ffb18,0x00000000dea00000)
  to   space 5120K, 0% used [0x00000000de000000,0x00000000de000000,0x00000000de500000)
 ParOldGen       total 70656K, used 19742K [0x0000000082000000, 0x0000000086500000, 0x00000000d6000000)
  object space 70656K, 27% used [0x0000000082000000,0x0000000083347840,0x0000000086500000)
 Metaspace       used 34754K, capacity 35261K, committed 35496K, reserved 1081344K
  class space    used 4421K, capacity 4558K, committed 4608K, reserved 1048576K
Event: 6.430 GC heap after
Heap after GC invocations=6 (full 1):
 PSYoungGen      total 119296K, used 5118K [0x00000000d6000000, 0x00000000dee80000, 0x0000000100000000)
  eden space 114176K, 0% used [0x00000000d6000000,0x00000000d6000000,0x00000000dcf80000)
  from space 5120K, 99% used [0x00000000de000000,0x00000000de4ffb18,0x00000000de500000)
  to   space 9728K, 0% used [0x00000000de500000,0x00000000de500000,0x00000000dee80000)
 ParOldGen       total 70656K, used 27086K [0x0000000082000000, 0x0000000086500000, 0x00000000d6000000)
  object space 70656K, 38% used [0x0000000082000000,0x0000000083a73b00,0x0000000086500000)
 Metaspace       used 34754K, capacity 35261K, committed 35496K, reserved 1081344K
  class space    used 4421K, capacity 4558K, committed 4608K, reserved 1048576K
}
Event: 6.430 GC heap before
{Heap before GC invocations=7 (full 2):
 PSYoungGen      total 119296K, used 5118K [0x00000000d6000000, 0x00000000dee80000, 0x0000000100000000)
  eden space 114176K, 0% used [0x00000000d6000000,0x00000000d6000000,0x00000000dcf80000)
  from space 5120K, 99% used [0x00000000de000000,0x00000000de4ffb18,0x00000000de500000)
  to   space 9728K, 0% used [0x00000000de500000,0x00000000de500000,0x00000000dee80000)
 ParOldGen       total 70656K, used 27086K [0x0000000082000000, 0x0000000086500000, 0x00000000d6000000)
  object space 70656K, 38% used [0x0000000082000000,0x0000000083a73b00,0x0000000086500000)
 Metaspace       used 34754K, capacity 35261K, committed 35496K, reserved 1081344K
  class space    used 4421K, capacity 4558K, committed 4608K, reserved 1048576K
Event: 6.560 GC heap after
Heap after GC invocations=7 (full 2):
 PSYoungGen      total 119296K, used 0K [0x00000000d6000000, 0x00000000dee80000, 0x0000000100000000)
  eden space 114176K, 0% used [0x00000000d6000000,0x00000000d6000000,0x00000000dcf80000)
  from space 5120K, 0% used [0x00000000de000000,0x00000000de000000,0x00000000de500000)
  to   space 9728K, 0% used [0x00000000de500000,0x00000000de500000,0x00000000dee80000)
 ParOldGen       total 127488K, used 20782K [0x0000000082000000, 0x0000000089c80000, 0x00000000d6000000)
  object space 127488K, 16% used [0x0000000082000000,0x000000008344bb40,0x0000000089c80000)
 Metaspace       used 34754K, capacity 35261K, committed 35496K, reserved 1081344K
  class space    used 4421K, capacity 4558K, committed 4608K, reserved 1048576K
}
Event: 10.570 GC heap before
{Heap before GC invocations=8 (full 2):
 PSYoungGen      total 119296K, used 114176K [0x00000000d6000000, 0x00000000dee80000, 0x0000000100000000)
  eden space 114176K, 100% used [0x00000000d6000000,0x00000000dcf80000,0x00000000dcf80000)
  from space 5120K, 0% used [0x00000000de000000,0x00000000de000000,0x00000000de500000)
  to   space 9728K, 0% used [0x00000000de500000,0x00000000de500000,0x00000000dee80000)
 ParOldGen       total 127488K, used 20782K [0x0000000082000000, 0x0000000089c80000, 0x00000000d6000000)
  object space 127488K, 16% used [0x0000000082000000,0x000000008344bb40,0x0000000089c80000)
 Metaspace       used 44891K, capacity 45579K, committed 46080K, reserved 1089536K
  class space    used 5571K, capacity 5775K, committed 5888K, reserved 1048576K
Event: 10.602 GC heap after
Heap after GC invocations=8 (full 2):
 PSYoungGen      total 123904K, used 9713K [0x00000000d6000000, 0x00000000e1980000, 0x0000000100000000)
  eden space 114176K, 0% used [0x00000000d6000000,0x00000000d6000000,0x00000000dcf80000)
  from space 9728K, 99% used [0x00000000de500000,0x00000000dee7c670,0x00000000dee80000)
  to   space 22016K, 0% used [0x00000000dcf80000,0x00000000dcf80000,0x00000000de500000)
 ParOldGen       total 127488K, used 34296K [0x0000000082000000, 0x0000000089c80000, 0x00000000d6000000)
  object space 127488K, 26% used [0x0000000082000000,0x000000008417e060,0x0000000089c80000)
 Metaspace       used 44891K, capacity 45579K, committed 46080K, reserved 1089536K
  class space    used 5571K, capacity 5775K, committed 5888K, reserved 1048576K
}

