# JRE version: OpenJDK Runtime Environment (8.0_212-b04) (build 1.8.0_212-release-1586-b04)
# Java VM: OpenJDK 64-Bit Server VM (25.212-b04 mixed mode windows-amd64 compressed oops)
Heap:
 PSYoungGen      total 70656K, used 48432K [0x00000000d6000000, 0x00000000daa00000, 0x0000000100000000)
  eden space 65536K, 66% used [0x00000000d6000000,0x00000000d8a4c710,0x00000000da000000)
  from space 5120K, 99% used [0x00000000da000000,0x00000000da4ff9c0,0x00000000da500000)
  to   space 5120K, 0% used [0x00000000da500000,0x00000000da500000,0x00000000daa00000)
 ParOldGen       total 64512K, used 42603K [0x0000000082000000, 0x0000000085f00000, 0x00000000d6000000)
  object space 64512K, 66% used [0x0000000082000000,0x000000008499ac48,0x0000000085f00000)
 Metaspace       used 48099K, capacity 48899K, committed 49280K, reserved 1091584K
  class space    used 5937K, capacity 6181K, committed 6272K, reserved 1048576K
GC Heap History (10 events):
Event: 11.379 GC heap before
{Heap before GC invocations=5 (full 1):
 PSYoungGen      total 70656K, used 65536K [0x00000000d6000000, 0x00000000daa00000, 0x0000000100000000)
  eden space 65536K, 100% used [0x00000000d6000000,0x00000000da000000,0x00000000da000000)
  from space 5120K, 0% used [0x00000000da000000,0x00000000da000000,0x00000000da500000)
  to   space 5120K, 0% used [0x00000000da500000,0x00000000da500000,0x00000000daa00000)
 ParOldGen       total 64512K, used 8981K [0x0000000082000000, 0x0000000085f00000, 0x00000000d6000000)
  object space 64512K, 13% used [0x0000000082000000,0x00000000828c54c8,0x0000000085f00000)
 Metaspace       used 29200K, capacity 29725K, committed 30080K, reserved 1075200K
  class space    used 3529K, capacity 3696K, committed 3712K, reserved 1048576K
Event: 11.449 GC heap after
Heap after GC invocations=5 (full 1):
 PSYoungGen      total 70656K, used 5118K [0x00000000d6000000, 0x00000000daa00000, 0x0000000100000000)
  eden space 65536K, 0% used [0x00000000d6000000,0x00000000d6000000,0x00000000da000000)
  from space 5120K, 99% used [0x00000000da500000,0x00000000da9ffb18,0x00000000daa00000)
  to   space 5120K, 0% used [0x00000000da000000,0x00000000da000000,0x00000000da500000)
 ParOldGen       total 64512K, used 19351K [0x0000000082000000, 0x0000000085f00000, 0x00000000d6000000)
  object space 64512K, 29% used [0x0000000082000000,0x00000000832e5c00,0x0000000085f00000)
 Metaspace       used 29200K, capacity 29725K, committed 30080K, reserved 1075200K
  class space    used 3529K, capacity 3696K, committed 3712K, reserved 1048576K
}
Event: 14.071 GC heap before
{Heap before GC invocations=6 (full 1):
 PSYoungGen      total 70656K, used 37356K [0x00000000d6000000, 0x00000000daa00000, 0x0000000100000000)
  eden space 65536K, 49% used [0x00000000d6000000,0x00000000d7f7b7e0,0x00000000da000000)
  from space 5120K, 99% used [0x00000000da500000,0x00000000da9ffb18,0x00000000daa00000)
  to   space 5120K, 0% used [0x00000000da000000,0x00000000da000000,0x00000000da500000)
 ParOldGen       total 64512K, used 19351K [0x0000000082000000, 0x0000000085f00000, 0x00000000d6000000)
  object space 64512K, 29% used [0x0000000082000000,0x00000000832e5c00,0x0000000085f00000)
 Metaspace       used 34832K, capacity 35269K, committed 35496K, reserved 1081344K
  class space    used 4412K, capacity 4548K, committed 4608K, reserved 1048576K
Event: 14.099 GC heap after
Heap after GC invocations=6 (full 1):
 PSYoungGen      total 70656K, used 5095K [0x00000000d6000000, 0x00000000daa00000, 0x0000000100000000)
  eden space 65536K, 0% used [0x00000000d6000000,0x00000000d6000000,0x00000000da000000)
  from space 5120K, 99% used [0x00000000da000000,0x00000000da4f9fd8,0x00000000da500000)
  to   space 5120K, 0% used [0x00000000da500000,0x00000000da500000,0x00000000daa00000)
 ParOldGen       total 64512K, used 27185K [0x0000000082000000, 0x0000000085f00000, 0x00000000d6000000)
  object space 64512K, 42% used [0x0000000082000000,0x0000000083a8c798,0x0000000085f00000)
 Metaspace       used 34832K, capacity 35269K, committed 35496K, reserved 1081344K
  class space    used 4412K, capacity 4548K, committed 4608K, reserved 1048576K
}
Event: 14.099 GC heap before
{Heap before GC invocations=7 (full 2):
 PSYoungGen      total 70656K, used 5095K [0x00000000d6000000, 0x00000000daa00000, 0x0000000100000000)
  eden space 65536K, 0% used [0x00000000d6000000,0x00000000d6000000,0x00000000da000000)
  from space 5120K, 99% used [0x00000000da000000,0x00000000da4f9fd8,0x00000000da500000)
  to   space 5120K, 0% used [0x00000000da500000,0x00000000da500000,0x00000000daa00000)
 ParOldGen       total 64512K, used 27185K [0x0000000082000000, 0x0000000085f00000, 0x00000000d6000000)
  object space 64512K, 42% used [0x0000000082000000,0x0000000083a8c798,0x0000000085f00000)
 Metaspace       used 34832K, capacity 35269K, committed 35496K, reserved 1081344K
  class space    used 4412K, capacity 4548K, committed 4608K, reserved 1048576K
Event: 14.337 GC heap after
Heap after GC invocations=7 (full 2):
 PSYoungGen      total 70656K, used 0K [0x00000000d6000000, 0x00000000daa00000, 0x0000000100000000)
  eden space 65536K, 0% used [0x00000000d6000000,0x00000000d6000000,0x00000000da000000)
  from space 5120K, 0% used [0x00000000da000000,0x00000000da000000,0x00000000da500000)
  to   space 5120K, 0% used [0x00000000da500000,0x00000000da500000,0x00000000daa00000)
 ParOldGen       total 64512K, used 20398K [0x0000000082000000, 0x0000000085f00000, 0x00000000d6000000)
  object space 64512K, 31% used [0x0000000082000000,0x00000000833eb950,0x0000000085f00000)
 Metaspace       used 34832K, capacity 35269K, committed 35496K, reserved 1081344K
  class space    used 4412K, capacity 4548K, committed 4608K, reserved 1048576K
}
Event: 16.134 GC heap before
{Heap before GC invocations=8 (full 2):
 PSYoungGen      total 70656K, used 65536K [0x00000000d6000000, 0x00000000daa00000, 0x0000000100000000)
  eden space 65536K, 100% used [0x00000000d6000000,0x00000000da000000,0x00000000da000000)
  from space 5120K, 0% used [0x00000000da000000,0x00000000da000000,0x00000000da500000)
  to   space 5120K, 0% used [0x00000000da500000,0x00000000da500000,0x00000000daa00000)
 ParOldGen       total 64512K, used 20398K [0x0000000082000000, 0x0000000085f00000, 0x00000000d6000000)
  object space 64512K, 31% used [0x0000000082000000,0x00000000833eb950,0x0000000085f00000)
 Metaspace       used 39785K, capacity 40363K, committed 40832K, reserved 1085440K
  class space    used 4989K, capacity 5137K, committed 5248K, reserved 1048576K
Event: 16.144 GC heap after
Heap after GC invocations=8 (full 2):
 PSYoungGen      total 70656K, used 5117K [0x00000000d6000000, 0x00000000daa00000, 0x0000000100000000)
  eden space 65536K, 0% used [0x00000000d6000000,0x00000000d6000000,0x00000000da000000)
  from space 5120K, 99% used [0x00000000da500000,0x00000000da9ff6f8,0x00000000daa00000)
  to   space 5120K, 0% used [0x00000000da000000,0x00000000da000000,0x00000000da500000)
 ParOldGen       total 64512K, used 28276K [0x0000000082000000, 0x0000000085f00000, 0x00000000d6000000)
  object space 64512K, 43% used [0x0000000082000000,0x0000000083b9d118,0x0000000085f00000)
 Metaspace       used 39785K, capacity 40363K, committed 40832K, reserved 1085440K
  class space    used 4989K, capacity 5137K, committed 5248K, reserved 1048576K
}
Event: 18.646 GC heap before
{Heap before GC invocations=9 (full 2):
 PSYoungGen      total 70656K, used 70653K [0x00000000d6000000, 0x00000000daa00000, 0x0000000100000000)
  eden space 65536K, 100% used [0x00000000d6000000,0x00000000da000000,0x00000000da000000)
  from space 5120K, 99% used [0x00000000da500000,0x00000000da9ff6f8,0x00000000daa00000)
  to   space 5120K, 0% used [0x00000000da000000,0x00000000da000000,0x00000000da500000)
 ParOldGen       total 64512K, used 28276K [0x0000000082000000, 0x0000000085f00000, 0x00000000d6000000)
  object space 64512K, 43% used [0x0000000082000000,0x0000000083b9d118,0x0000000085f00000)
 Metaspace       used 45326K, capacity 46107K, committed 46592K, reserved 1089536K
  class space    used 5583K, capacity 5775K, committed 5888K, reserved 1048576K
Event: 18.687 GC heap after
Heap after GC invocations=9 (full 2):
 PSYoungGen      total 70656K, used 5118K [0x00000000d6000000, 0x00000000daa00000, 0x0000000100000000)
  eden space 65536K, 0% used [0x00000000d6000000,0x00000000d6000000,0x00000000da000000)
  from space 5120K, 99% used [0x00000000da000000,0x00000000da4ff9c0,0x00000000da500000)
  to   space 5120K, 0% used [0x00000000da500000,0x00000000da500000,0x00000000daa00000)
 ParOldGen       total 64512K, used 42603K [0x0000000082000000, 0x0000000085f00000, 0x00000000d6000000)
  object space 64512K, 66% used [0x0000000082000000,0x000000008499ac48,0x0000000085f00000)
 Metaspace       used 45326K, capacity 46107K, committed 46592K, reserved 1089536K
  class space    used 5583K, capacity 5775K, committed 5888K, reserved 1048576K
}

