# JRE version: OpenJDK Runtime Environment (8.0_212-b04) (build 1.8.0_212-release-1586-b04)
# Java VM: OpenJDK 64-Bit Server VM (25.212-b04 mixed mode windows-amd64 compressed oops)
Heap:
 PSYoungGen      total 340480K, used 43512K [0x00000000e0000000, 0x00000000fc880000, 0x0000000100000000)
  eden space 313856K, 5% used [0x00000000e0000000,0x00000000e10cc640,0x00000000f3280000)
  from space 26624K, 98% used [0x00000000f3280000,0x00000000f4c31b70,0x00000000f4c80000)
  to   space 30720K, 0% used [0x00000000faa80000,0x00000000faa80000,0x00000000fc880000)
 ParOldGen       total 101376K, used 58088K [0x00000000a0000000, 0x00000000a6300000, 0x00000000e0000000)
  object space 101376K, 57% used [0x00000000a0000000,0x00000000a38ba278,0x00000000a6300000)
 Metaspace       used 86050K, capacity 90092K, committed 90368K, reserved 1128448K
  class space    used 11363K, capacity 12215K, committed 12288K, reserved 1048576K
GC Heap History (10 events):
Event: 44.200 GC heap before
{Heap before GC invocations=14 (full 2):
 PSYoungGen      total 185344K, used 30044K [0x00000000e0000000, 0x00000000f0e00000, 0x0000000100000000)
  eden space 171520K, 9% used [0x00000000e0000000,0x00000000e0fdada0,0x00000000ea780000)
  from space 13824K, 99% used [0x00000000ea780000,0x00000000eb4fc3d0,0x00000000eb500000)
  to   space 20480K, 0% used [0x00000000efa00000,0x00000000efa00000,0x00000000f0e00000)
 ParOldGen       total 71680K, used 33160K [0x00000000a0000000, 0x00000000a4600000, 0x00000000e0000000)
  object space 71680K, 46% used [0x00000000a0000000,0x00000000a2062340,0x00000000a4600000)
 Metaspace       used 57145K, capacity 58982K, committed 59136K, reserved 1099776K
  class space    used 7654K, capacity 8089K, committed 8192K, reserved 1048576K
Event: 44.221 GC heap after
Heap after GC invocations=14 (full 2):
 PSYoungGen      total 255488K, used 1569K [0x00000000e0000000, 0x00000000f1280000, 0x0000000100000000)
  eden space 235008K, 0% used [0x00000000e0000000,0x00000000e0000000,0x00000000ee580000)
  from space 20480K, 7% used [0x00000000efa00000,0x00000000efb88408,0x00000000f0e00000)
  to   space 20992K, 0% used [0x00000000ee580000,0x00000000ee580000,0x00000000efa00000)
 ParOldGen       total 71680K, used 43400K [0x00000000a0000000, 0x00000000a4600000, 0x00000000e0000000)
  object space 71680K, 60% used [0x00000000a0000000,0x00000000a2a623c8,0x00000000a4600000)
 Metaspace       used 57145K, capacity 58982K, committed 59136K, reserved 1099776K
  class space    used 7654K, capacity 8089K, committed 8192K, reserved 1048576K
}
Event: 44.221 GC heap before
{Heap before GC invocations=15 (full 3):
 PSYoungGen      total 255488K, used 1569K [0x00000000e0000000, 0x00000000f1280000, 0x0000000100000000)
  eden space 235008K, 0% used [0x00000000e0000000,0x00000000e0000000,0x00000000ee580000)
  from space 20480K, 7% used [0x00000000efa00000,0x00000000efb88408,0x00000000f0e00000)
  to   space 20992K, 0% used [0x00000000ee580000,0x00000000ee580000,0x00000000efa00000)
 ParOldGen       total 71680K, used 43400K [0x00000000a0000000, 0x00000000a4600000, 0x00000000e0000000)
  object space 71680K, 60% used [0x00000000a0000000,0x00000000a2a623c8,0x00000000a4600000)
 Metaspace       used 57145K, capacity 58982K, committed 59136K, reserved 1099776K
  class space    used 7654K, capacity 8089K, committed 8192K, reserved 1048576K
Event: 44.609 GC heap after
Heap after GC invocations=15 (full 3):
 PSYoungGen      total 255488K, used 0K [0x00000000e0000000, 0x00000000f1280000, 0x0000000100000000)
  eden space 235008K, 0% used [0x00000000e0000000,0x00000000e0000000,0x00000000ee580000)
  from space 20480K, 0% used [0x00000000efa00000,0x00000000efa00000,0x00000000f0e00000)
  to   space 20992K, 0% used [0x00000000ee580000,0x00000000ee580000,0x00000000efa00000)
 ParOldGen       total 101376K, used 32008K [0x00000000a0000000, 0x00000000a6300000, 0x00000000e0000000)
  object space 101376K, 31% used [0x00000000a0000000,0x00000000a1f42198,0x00000000a6300000)
 Metaspace       used 57138K, capacity 58958K, committed 59136K, reserved 1099776K
  class space    used 7652K, capacity 8085K, committed 8192K, reserved 1048576K
}
Event: 55.497 GC heap before
{Heap before GC invocations=16 (full 3):
 PSYoungGen      total 255488K, used 235008K [0x00000000e0000000, 0x00000000f1280000, 0x0000000100000000)
  eden space 235008K, 100% used [0x00000000e0000000,0x00000000ee580000,0x00000000ee580000)
  from space 20480K, 0% used [0x00000000efa00000,0x00000000efa00000,0x00000000f0e00000)
  to   space 20992K, 0% used [0x00000000ee580000,0x00000000ee580000,0x00000000efa00000)
 ParOldGen       total 101376K, used 32008K [0x00000000a0000000, 0x00000000a6300000, 0x00000000e0000000)
  object space 101376K, 31% used [0x00000000a0000000,0x00000000a1f42198,0x00000000a6300000)
 Metaspace       used 67728K, capacity 69992K, committed 70144K, reserved 1110016K
  class space    used 9143K, capacity 9700K, committed 9728K, reserved 1048576K
Event: 55.549 GC heap after
Heap after GC invocations=16 (full 3):
 PSYoungGen      total 256000K, used 20573K [0x00000000e0000000, 0x00000000f6800000, 0x0000000100000000)
  eden space 235008K, 0% used [0x00000000e0000000,0x00000000e0000000,0x00000000ee580000)
  from space 20992K, 98% used [0x00000000ee580000,0x00000000ef997710,0x00000000efa00000)
  to   space 24064K, 0% used [0x00000000f5080000,0x00000000f5080000,0x00000000f6800000)
 ParOldGen       total 101376K, used 32016K [0x00000000a0000000, 0x00000000a6300000, 0x00000000e0000000)
  object space 101376K, 31% used [0x00000000a0000000,0x00000000a1f44198,0x00000000a6300000)
 Metaspace       used 67728K, capacity 69992K, committed 70144K, reserved 1110016K
  class space    used 9143K, capacity 9700K, committed 9728K, reserved 1048576K
}
Event: 65.404 GC heap before
{Heap before GC invocations=17 (full 3):
 PSYoungGen      total 256000K, used 255581K [0x00000000e0000000, 0x00000000f6800000, 0x0000000100000000)
  eden space 235008K, 100% used [0x00000000e0000000,0x00000000ee580000,0x00000000ee580000)
  from space 20992K, 98% used [0x00000000ee580000,0x00000000ef997710,0x00000000efa00000)
  to   space 24064K, 0% used [0x00000000f5080000,0x00000000f5080000,0x00000000f6800000)
 ParOldGen       total 101376K, used 32016K [0x00000000a0000000, 0x00000000a6300000, 0x00000000e0000000)
  object space 101376K, 31% used [0x00000000a0000000,0x00000000a1f44198,0x00000000a6300000)
 Metaspace       used 76634K, capacity 79724K, committed 79872K, reserved 1118208K
  class space    used 10337K, capacity 10988K, committed 11008K, reserved 1048576K
Event: 65.458 GC heap after
Heap after GC invocations=17 (full 3):
 PSYoungGen      total 336384K, used 20618K [0x00000000e0000000, 0x00000000f6680000, 0x0000000100000000)
  eden space 313856K, 0% used [0x00000000e0000000,0x00000000e0000000,0x00000000f3280000)
  from space 22528K, 91% used [0x00000000f5080000,0x00000000f64a2bb0,0x00000000f6680000)
  to   space 26624K, 0% used [0x00000000f3280000,0x00000000f3280000,0x00000000f4c80000)
 ParOldGen       total 101376K, used 46223K [0x00000000a0000000, 0x00000000a6300000, 0x00000000e0000000)
  object space 101376K, 45% used [0x00000000a0000000,0x00000000a2d23e88,0x00000000a6300000)
 Metaspace       used 76634K, capacity 79724K, committed 79872K, reserved 1118208K
  class space    used 10337K, capacity 10988K, committed 11008K, reserved 1048576K
}
Event: 882.064 GC heap before
{Heap before GC invocations=18 (full 3):
 PSYoungGen      total 336384K, used 334474K [0x00000000e0000000, 0x00000000f6680000, 0x0000000100000000)
  eden space 313856K, 100% used [0x00000000e0000000,0x00000000f3280000,0x00000000f3280000)
  from space 22528K, 91% used [0x00000000f5080000,0x00000000f64a2bb0,0x00000000f6680000)
  to   space 26624K, 0% used [0x00000000f3280000,0x00000000f3280000,0x00000000f4c80000)
 ParOldGen       total 101376K, used 46223K [0x00000000a0000000, 0x00000000a6300000, 0x00000000e0000000)
  object space 101376K, 45% used [0x00000000a0000000,0x00000000a2d23e88,0x00000000a6300000)
 Metaspace       used 84872K, capacity 88854K, committed 89088K, reserved 1126400K
  class space    used 11185K, capacity 12020K, committed 12032K, reserved 1048576K
Event: 882.722 GC heap after
Heap after GC invocations=18 (full 3):
 PSYoungGen      total 340480K, used 26310K [0x00000000e0000000, 0x00000000fc880000, 0x0000000100000000)
  eden space 313856K, 0% used [0x00000000e0000000,0x00000000e0000000,0x00000000f3280000)
  from space 26624K, 98% used [0x00000000f3280000,0x00000000f4c31b70,0x00000000f4c80000)
  to   space 30720K, 0% used [0x00000000faa80000,0x00000000faa80000,0x00000000fc880000)
 ParOldGen       total 101376K, used 58088K [0x00000000a0000000, 0x00000000a6300000, 0x00000000e0000000)
  object space 101376K, 57% used [0x00000000a0000000,0x00000000a38ba278,0x00000000a6300000)
 Metaspace       used 84872K, capacity 88854K, committed 89088K, reserved 1126400K
  class space    used 11185K, capacity 12020K, committed 12032K, reserved 1048576K
}

