# JRE version: OpenJDK Runtime Environment (8.0_212-b04) (build 1.8.0_212-release-1586-b04)
# Java VM: OpenJDK 64-Bit Server VM (25.212-b04 mixed mode windows-amd64 compressed oops)
Heap:
 PSYoungGen      total 74752K, used 58306K [0x00000000e0000000, 0x00000000e8800000, 0x0000000100000000)
  eden space 64512K, 79% used [0x00000000e0000000,0x00000000e31fb680,0x00000000e3f00000)
  from space 10240K, 69% used [0x00000000e4a00000,0x00000000e50f53b8,0x00000000e5400000)
  to   space 11264K, 0% used [0x00000000e3f00000,0x00000000e3f00000,0x00000000e4a00000)
 ParOldGen       total 50176K, used 7918K [0x00000000a0000000, 0x00000000a3100000, 0x00000000e0000000)
  object space 50176K, 15% used [0x00000000a0000000,0x00000000a07bbb68,0x00000000a3100000)
 Metaspace       used 30537K, capacity 31246K, committed 31360K, reserved 1077248K
  class space    used 4224K, capacity 4441K, committed 4480K, reserved 1048576K
GC Heap History (10 events):
Event: 4.015 GC heap before
{Heap before GC invocations=5 (full 0):
 PSYoungGen      total 37888K, used 37872K [0x00000000e0000000, 0x00000000e4a00000, 0x0000000100000000)
  eden space 32768K, 100% used [0x00000000e0000000,0x00000000e2000000,0x00000000e2000000)
  from space 5120K, 99% used [0x00000000e2500000,0x00000000e29fc010,0x00000000e2a00000)
  to   space 5120K, 0% used [0x00000000e2000000,0x00000000e2000000,0x00000000e2500000)
 ParOldGen       total 86016K, used 3762K [0x00000000a0000000, 0x00000000a5400000, 0x00000000e0000000)
  object space 86016K, 4% used [0x00000000a0000000,0x00000000a03aca78,0x00000000a5400000)
 Metaspace       used 17405K, capacity 17854K, committed 18048K, reserved 1064960K
  class space    used 2499K, capacity 2659K, committed 2688K, reserved 1048576K
Event: 4.043 GC heap after
Heap after GC invocations=5 (full 0):
 PSYoungGen      total 37888K, used 5104K [0x00000000e0000000, 0x00000000e5400000, 0x0000000100000000)
  eden space 32768K, 0% used [0x00000000e0000000,0x00000000e0000000,0x00000000e2000000)
  from space 5120K, 99% used [0x00000000e2000000,0x00000000e24fc010,0x00000000e2500000)
  to   space 10240K, 0% used [0x00000000e4a00000,0x00000000e4a00000,0x00000000e5400000)
 ParOldGen       total 86016K, used 7057K [0x00000000a0000000, 0x00000000a5400000, 0x00000000e0000000)
  object space 86016K, 8% used [0x00000000a0000000,0x00000000a06e45a8,0x00000000a5400000)
 Metaspace       used 17405K, capacity 17854K, committed 18048K, reserved 1064960K
  class space    used 2499K, capacity 2659K, committed 2688K, reserved 1048576K
}
Event: 4.840 GC heap before
{Heap before GC invocations=6 (full 0):
 PSYoungGen      total 37888K, used 37872K [0x00000000e0000000, 0x00000000e5400000, 0x0000000100000000)
  eden space 32768K, 100% used [0x00000000e0000000,0x00000000e2000000,0x00000000e2000000)
  from space 5120K, 99% used [0x00000000e2000000,0x00000000e24fc010,0x00000000e2500000)
  to   space 10240K, 0% used [0x00000000e4a00000,0x00000000e4a00000,0x00000000e5400000)
 ParOldGen       total 86016K, used 7057K [0x00000000a0000000, 0x00000000a5400000, 0x00000000e0000000)
  object space 86016K, 8% used [0x00000000a0000000,0x00000000a06e45a8,0x00000000a5400000)
 Metaspace       used 20573K, capacity 21074K, committed 21296K, reserved 1067008K
  class space    used 2981K, capacity 3138K, committed 3200K, reserved 1048576K
Event: 4.858 GC heap after
Heap after GC invocations=6 (full 0):
 PSYoungGen      total 74240K, used 9526K [0x00000000e0000000, 0x00000000e5700000, 0x0000000100000000)
  eden space 64000K, 0% used [0x00000000e0000000,0x00000000e0000000,0x00000000e3e80000)
  from space 10240K, 93% used [0x00000000e4a00000,0x00000000e534d9d8,0x00000000e5400000)
  to   space 11776K, 0% used [0x00000000e3e80000,0x00000000e3e80000,0x00000000e4a00000)
 ParOldGen       total 86016K, used 7065K [0x00000000a0000000, 0x00000000a5400000, 0x00000000e0000000)
  object space 86016K, 8% used [0x00000000a0000000,0x00000000a06e65a8,0x00000000a5400000)
 Metaspace       used 20573K, capacity 21074K, committed 21296K, reserved 1067008K
  class space    used 2981K, capacity 3138K, committed 3200K, reserved 1048576K
}
Event: 4.890 GC heap before
{Heap before GC invocations=7 (full 0):
 PSYoungGen      total 74240K, used 11496K [0x00000000e0000000, 0x00000000e5700000, 0x0000000100000000)
  eden space 64000K, 3% used [0x00000000e0000000,0x00000000e01eca08,0x00000000e3e80000)
  from space 10240K, 93% used [0x00000000e4a00000,0x00000000e534d9d8,0x00000000e5400000)
  to   space 11776K, 0% used [0x00000000e3e80000,0x00000000e3e80000,0x00000000e4a00000)
 ParOldGen       total 86016K, used 7065K [0x00000000a0000000, 0x00000000a5400000, 0x00000000e0000000)
  object space 86016K, 8% used [0x00000000a0000000,0x00000000a06e65a8,0x00000000a5400000)
 Metaspace       used 20771K, capacity 21234K, committed 21296K, reserved 1067008K
  class space    used 3009K, capacity 3170K, committed 3200K, reserved 1048576K
Event: 4.907 GC heap after
Heap after GC invocations=7 (full 0):
 PSYoungGen      total 75776K, used 5033K [0x00000000e0000000, 0x00000000e5700000, 0x0000000100000000)
  eden space 64000K, 0% used [0x00000000e0000000,0x00000000e0000000,0x00000000e3e80000)
  from space 11776K, 42% used [0x00000000e3e80000,0x00000000e436a670,0x00000000e4a00000)
  to   space 10240K, 0% used [0x00000000e4a00000,0x00000000e4a00000,0x00000000e5400000)
 ParOldGen       total 86016K, used 9225K [0x00000000a0000000, 0x00000000a5400000, 0x00000000e0000000)
  object space 86016K, 10% used [0x00000000a0000000,0x00000000a0902618,0x00000000a5400000)
 Metaspace       used 20771K, capacity 21234K, committed 21296K, reserved 1067008K
  class space    used 3009K, capacity 3170K, committed 3200K, reserved 1048576K
}
Event: 4.907 GC heap before
{Heap before GC invocations=8 (full 1):
 PSYoungGen      total 75776K, used 5033K [0x00000000e0000000, 0x00000000e5700000, 0x0000000100000000)
  eden space 64000K, 0% used [0x00000000e0000000,0x00000000e0000000,0x00000000e3e80000)
  from space 11776K, 42% used [0x00000000e3e80000,0x00000000e436a670,0x00000000e4a00000)
  to   space 10240K, 0% used [0x00000000e4a00000,0x00000000e4a00000,0x00000000e5400000)
 ParOldGen       total 86016K, used 9225K [0x00000000a0000000, 0x00000000a5400000, 0x00000000e0000000)
  object space 86016K, 10% used [0x00000000a0000000,0x00000000a0902618,0x00000000a5400000)
 Metaspace       used 20771K, capacity 21234K, committed 21296K, reserved 1067008K
  class space    used 3009K, capacity 3170K, committed 3200K, reserved 1048576K
Event: 4.988 GC heap after
Heap after GC invocations=8 (full 1):
 PSYoungGen      total 75776K, used 0K [0x00000000e0000000, 0x00000000e5700000, 0x0000000100000000)
  eden space 64000K, 0% used [0x00000000e0000000,0x00000000e0000000,0x00000000e3e80000)
  from space 11776K, 0% used [0x00000000e3e80000,0x00000000e3e80000,0x00000000e4a00000)
  to   space 10240K, 0% used [0x00000000e4a00000,0x00000000e4a00000,0x00000000e5400000)
 ParOldGen       total 50176K, used 7910K [0x00000000a0000000, 0x00000000a3100000, 0x00000000e0000000)
  object space 50176K, 15% used [0x00000000a0000000,0x00000000a07b9b68,0x00000000a3100000)
 Metaspace       used 20771K, capacity 21234K, committed 21296K, reserved 1067008K
  class space    used 3009K, capacity 3170K, committed 3200K, reserved 1048576K
}
Event: 6.185 GC heap before
{Heap before GC invocations=9 (full 1):
 PSYoungGen      total 75776K, used 64000K [0x00000000e0000000, 0x00000000e5700000, 0x0000000100000000)
  eden space 64000K, 100% used [0x00000000e0000000,0x00000000e3e80000,0x00000000e3e80000)
  from space 11776K, 0% used [0x00000000e3e80000,0x00000000e3e80000,0x00000000e4a00000)
  to   space 10240K, 0% used [0x00000000e4a00000,0x00000000e4a00000,0x00000000e5400000)
 ParOldGen       total 50176K, used 7910K [0x00000000a0000000, 0x00000000a3100000, 0x00000000e0000000)
  object space 50176K, 15% used [0x00000000a0000000,0x00000000a07b9b68,0x00000000a3100000)
 Metaspace       used 28082K, capacity 28628K, committed 28928K, reserved 1075200K
  class space    used 3836K, capacity 4011K, committed 4096K, reserved 1048576K
Event: 6.193 GC heap after
Heap after GC invocations=9 (full 1):
 PSYoungGen      total 74752K, used 7124K [0x00000000e0000000, 0x00000000e8800000, 0x0000000100000000)
  eden space 64512K, 0% used [0x00000000e0000000,0x00000000e0000000,0x00000000e3f00000)
  from space 10240K, 69% used [0x00000000e4a00000,0x00000000e50f53b8,0x00000000e5400000)
  to   space 11264K, 0% used [0x00000000e3f00000,0x00000000e3f00000,0x00000000e4a00000)
 ParOldGen       total 50176K, used 7918K [0x00000000a0000000, 0x00000000a3100000, 0x00000000e0000000)
  object space 50176K, 15% used [0x00000000a0000000,0x00000000a07bbb68,0x00000000a3100000)
 Metaspace       used 28082K, capacity 28628K, committed 28928K, reserved 1075200K
  class space    used 3836K, capacity 4011K, committed 4096K, reserved 1048576K
}

